<?xml version="1.0" encoding="UTF-8"?>
<testsuite xmlns:xsi="http://www.w3.org/2001/XMLSchema-instance" xsi:noNamespaceSchemaLocation="https://maven.apache.org/surefire/maven-surefire-plugin/xsd/surefire-test-report-3.0.xsd" version="3.0" name="java2.lab06.ReactiveGreetingResourceTest" time="6.252" tests="1" errors="0" skipped="0" failures="0">
  <properties>
    <property name="java.specification.version" value="17"/>
    <property name="sun.cpu.isalist" value="amd64"/>
    <property name="sun.jnu.encoding" value="Cp1252"/>
    <property name="test.url" value="http://0.0.0.0:8081"/>
    <property name="java.class.path" value="C:\Users\misad\OneDrive\Plocha\TEST\rest-server-solution-master (4)\rest-server-solution-master\target\test-classes;C:\Users\misad\OneDrive\Plocha\TEST\rest-server-solution-master (4)\rest-server-solution-master\target\classes;C:\Users\misad\.m2\repository\io\quarkus\quarkus-config-yaml\2.16.5.Final\quarkus-config-yaml-2.16.5.Final.jar;C:\Users\misad\.m2\repository\io\smallrye\config\smallrye-config-source-yaml\2.13.3\smallrye-config-source-yaml-2.13.3.jar;C:\Users\misad\.m2\repository\org\yaml\snakeyaml\1.33\snakeyaml-1.33.jar;C:\Users\misad\.m2\repository\io\smallrye\config\smallrye-config-common\2.13.3\smallrye-config-common-2.13.3.jar;C:\Users\misad\.m2\repository\io\smallrye\common\smallrye-common-classloader\1.13.2\smallrye-common-classloader-1.13.2.jar;C:\Users\misad\.m2\repository\io\smallrye\config\smallrye-config\2.13.3\smallrye-config-2.13.3.jar;C:\Users\misad\.m2\repository\io\smallrye\config\smallrye-config-core\2.13.3\smallrye-config-core-2.13.3.jar;C:\Users\misad\.m2\repository\io\smallrye\common\smallrye-common-expression\1.13.2\smallrye-common-expression-1.13.2.jar;C:\Users\misad\.m2\repository\io\smallrye\common\smallrye-common-function\1.13.2\smallrye-common-function-1.13.2.jar;C:\Users\misad\.m2\repository\io\smallrye\common\smallrye-common-constraint\1.13.2\smallrye-common-constraint-1.13.2.jar;C:\Users\misad\.m2\repository\io\quarkus\quarkus-core\2.16.5.Final\quarkus-core-2.16.5.Final.jar;C:\Users\misad\.m2\repository\jakarta\annotation\jakarta.annotation-api\1.3.5\jakarta.annotation-api-1.3.5.jar;C:\Users\misad\.m2\repository\jakarta\enterprise\jakarta.enterprise.cdi-api\2.0.2\jakarta.enterprise.cdi-api-2.0.2.jar;C:\Users\misad\.m2\repository\jakarta\el\jakarta.el-api\3.0.3\jakarta.el-api-3.0.3.jar;C:\Users\misad\.m2\repository\jakarta\interceptor\jakarta.interceptor-api\1.2.5\jakarta.interceptor-api-1.2.5.jar;C:\Users\misad\.m2\repository\jakarta\inject\jakarta.inject-api\1.0\jakarta.inject-api-1.0.jar;C:\Users\misad\.m2\repository\io\quarkus\quarkus-ide-launcher\2.16.5.Final\quarkus-ide-launcher-2.16.5.Final.jar;C:\Users\misad\.m2\repository\io\quarkus\quarkus-development-mode-spi\2.16.5.Final\quarkus-development-mode-spi-2.16.5.Final.jar;C:\Users\misad\.m2\repository\org\jboss\logging\jboss-logging\3.5.0.Final\jboss-logging-3.5.0.Final.jar;C:\Users\misad\.m2\repository\org\jboss\logmanager\jboss-logmanager-embedded\1.0.11\jboss-logmanager-embedded-1.0.11.jar;C:\Users\misad\.m2\repository\org\jboss\logging\jboss-logging-annotations\2.2.1.Final\jboss-logging-annotations-2.2.1.Final.jar;C:\Users\misad\.m2\repository\org\jboss\threads\jboss-threads\3.4.3.Final\jboss-threads-3.4.3.Final.jar;C:\Users\misad\.m2\repository\org\slf4j\slf4j-api\1.7.36\slf4j-api-1.7.36.jar;C:\Users\misad\.m2\repository\org\jboss\slf4j\slf4j-jboss-logmanager\1.2.0.Final\slf4j-jboss-logmanager-1.2.0.Final.jar;C:\Users\misad\.m2\repository\org\graalvm\sdk\graal-sdk\22.3.0\graal-sdk-22.3.0.jar;C:\Users\misad\.m2\repository\org\wildfly\common\wildfly-common\1.5.4.Final-format-001\wildfly-common-1.5.4.Final-format-001.jar;C:\Users\misad\.m2\repository\io\quarkus\quarkus-bootstrap-runner\2.16.5.Final\quarkus-bootstrap-runner-2.16.5.Final.jar;C:\Users\misad\.m2\repository\io\quarkus\quarkus-fs-util\0.0.9\quarkus-fs-util-0.0.9.jar;C:\Users\misad\.m2\repository\org\eclipse\microprofile\config\microprofile-config-api\2.0.1\microprofile-config-api-2.0.1.jar;C:\Users\misad\.m2\repository\io\quarkus\quarkus-hibernate-orm\2.16.5.Final\quarkus-hibernate-orm-2.16.5.Final.jar;C:\Users\misad\.m2\repository\io\quarkus\quarkus-agroal\2.16.5.Final\quarkus-agroal-2.16.5.Final.jar;C:\Users\misad\.m2\repository\io\quarkus\quarkus-datasource\2.16.5.Final\quarkus-datasource-2.16.5.Final.jar;C:\Users\misad\.m2\repository\io\quarkus\quarkus-datasource-common\2.16.5.Final\quarkus-datasource-common-2.16.5.Final.jar;C:\Users\misad\.m2\repository\io\agroal\agroal-api\1.17\agroal-api-1.17.jar;C:\Users\misad\.m2\repository\io\agroal\agroal-narayana\1.17\agroal-narayana-1.17.jar;C:\Users\misad\.m2\repository\org\jboss\jboss-transaction-spi\7.6.0.Final\jboss-transaction-spi-7.6.0.Final.jar;C:\Users\misad\.m2\repository\io\agroal\agroal-pool\1.17\agroal-pool-1.17.jar;C:\Users\misad\.m2\repository\io\quarkus\quarkus-credentials\2.16.5.Final\quarkus-credentials-2.16.5.Final.jar;C:\Users\misad\.m2\repository\io\quarkus\quarkus-narayana-jta\2.16.5.Final\quarkus-narayana-jta-2.16.5.Final.jar;C:\Users\misad\.m2\repository\io\quarkus\quarkus-transaction-annotations\2.16.5.Final\quarkus-transaction-annotations-2.16.5.Final.jar;C:\Users\misad\.m2\repository\io\quarkus\quarkus-mutiny\2.16.5.Final\quarkus-mutiny-2.16.5.Final.jar;C:\Users\misad\.m2\repository\io\quarkus\quarkus-smallrye-context-propagation\2.16.5.Final\quarkus-smallrye-context-propagation-2.16.5.Final.jar;C:\Users\misad\.m2\repository\io\smallrye\smallrye-context-propagation\1.2.2\smallrye-context-propagation-1.2.2.jar;C:\Users\misad\.m2\repository\io\smallrye\smallrye-context-propagation-api\1.2.2\smallrye-context-propagation-api-1.2.2.jar;C:\Users\misad\.m2\repository\io\smallrye\smallrye-context-propagation-storage\1.2.2\smallrye-context-propagation-storage-1.2.2.jar;C:\Users\misad\.m2\repository\io\smallrye\reactive\mutiny-smallrye-context-propagation\1.9.0\mutiny-smallrye-context-propagation-1.9.0.jar;C:\Users\misad\.m2\repository\io\smallrye\smallrye-context-propagation-jta\1.2.2\smallrye-context-propagation-jta-1.2.2.jar;C:\Users\misad\.m2\repository\io\smallrye\reactive\smallrye-reactive-converter-api\2.7.0\smallrye-reactive-converter-api-2.7.0.jar;C:\Users\misad\.m2\repository\org\reactivestreams\reactive-streams\1.0.3\reactive-streams-1.0.3.jar;C:\Users\misad\.m2\repository\io\smallrye\reactive\smallrye-reactive-converter-mutiny\2.7.0\smallrye-reactive-converter-mutiny-2.7.0.jar;C:\Users\misad\.m2\repository\org\jboss\narayana\jta\narayana-jta\5.13.1.Final\narayana-jta-5.13.1.Final.jar;C:\Users\misad\.m2\repository\org\jboss\spec\javax\resource\jboss-connector-api_1.7_spec\1.0.0.Final\jboss-connector-api_1.7_spec-1.0.0.Final.jar;C:\Users\misad\.m2\repository\org\jboss\narayana\jts\narayana-jts-integration\5.13.1.Final\narayana-jts-integration-5.13.1.Final.jar;C:\Users\misad\.m2\repository\org\hibernate\hibernate-core\5.6.15.Final\hibernate-core-5.6.15.Final.jar;C:\Users\misad\.m2\repository\net\bytebuddy\byte-buddy\1.12.18\byte-buddy-1.12.18.jar;C:\Users\misad\.m2\repository\antlr\antlr\2.7.7\antlr-2.7.7.jar;C:\Users\misad\.m2\repository\com\fasterxml\classmate\1.5.1\classmate-1.5.1.jar;C:\Users\misad\.m2\repository\org\hibernate\common\hibernate-commons-annotations\5.1.2.Final\hibernate-commons-annotations-5.1.2.Final.jar;C:\Users\misad\.m2\repository\org\hibernate\hibernate-graalvm\5.6.15.Final\hibernate-graalvm-5.6.15.Final.jar;C:\Users\misad\.m2\repository\org\glassfish\jaxb\jaxb-runtime\2.3.3-b02\jaxb-runtime-2.3.3-b02.jar;C:\Users\misad\.m2\repository\org\glassfish\jaxb\txw2\2.3.3-b02\txw2-2.3.3-b02.jar;C:\Users\misad\.m2\repository\com\sun\istack\istack-commons-runtime\3.0.10\istack-commons-runtime-3.0.10.jar;C:\Users\misad\.m2\repository\com\sun\activation\jakarta.activation\1.2.1\jakarta.activation-1.2.1.jar;C:\Users\misad\.m2\repository\org\jboss\spec\javax\xml\bind\jboss-jaxb-api_2.3_spec\2.0.0.Final\jboss-jaxb-api_2.3_spec-2.0.0.Final.jar;C:\Users\misad\.m2\repository\jakarta\persistence\jakarta.persistence-api\2.2.3\jakarta.persistence-api-2.2.3.jar;C:\Users\misad\.m2\repository\jakarta\transaction\jakarta.transaction-api\1.3.3\jakarta.transaction-api-1.3.3.jar;C:\Users\misad\.m2\repository\org\hibernate\quarkus-local-cache\0.1.1\quarkus-local-cache-0.1.1.jar;C:\Users\misad\.m2\repository\io\quarkus\quarkus-caffeine\2.16.5.Final\quarkus-caffeine-2.16.5.Final.jar;C:\Users\misad\.m2\repository\com\github\ben-manes\caffeine\caffeine\3.1.1\caffeine-3.1.1.jar;C:\Users\misad\.m2\repository\com\google\errorprone\error_prone_annotations\2.17.0\error_prone_annotations-2.17.0.jar;C:\Users\misad\.m2\repository\io\quarkus\quarkus-resteasy-jsonb\2.16.5.Final\quarkus-resteasy-jsonb-2.16.5.Final.jar;C:\Users\misad\.m2\repository\io\quarkus\quarkus-jsonb\2.16.5.Final\quarkus-jsonb-2.16.5.Final.jar;C:\Users\misad\.m2\repository\org\eclipse\yasson\1.0.11\yasson-1.0.11.jar;C:\Users\misad\.m2\repository\io\quarkus\quarkus-jsonp\2.16.5.Final\quarkus-jsonp-2.16.5.Final.jar;C:\Users\misad\.m2\repository\org\glassfish\jakarta.json\1.1.6\jakarta.json-1.1.6.jar;C:\Users\misad\.m2\repository\org\jboss\resteasy\resteasy-json-binding-provider\4.7.7.Final\resteasy-json-binding-provider-4.7.7.Final.jar;C:\Users\misad\.m2\repository\jakarta\json\bind\jakarta.json.bind-api\1.0.2\jakarta.json.bind-api-1.0.2.jar;C:\Users\misad\.m2\repository\org\jboss\resteasy\resteasy-json-p-provider\4.7.7.Final\resteasy-json-p-provider-4.7.7.Final.jar;C:\Users\misad\.m2\repository\commons-io\commons-io\2.11.0\commons-io-2.11.0.jar;C:\Users\misad\.m2\repository\io\quarkus\quarkus-resteasy\2.16.5.Final\quarkus-resteasy-2.16.5.Final.jar;C:\Users\misad\.m2\repository\io\quarkus\quarkus-vertx-http\2.16.5.Final\quarkus-vertx-http-2.16.5.Final.jar;C:\Users\misad\.m2\repository\io\quarkus\quarkus-security-runtime-spi\2.16.5.Final\quarkus-security-runtime-spi-2.16.5.Final.jar;C:\Users\misad\.m2\repository\io\smallrye\common\smallrye-common-vertx-context\1.13.2\smallrye-common-vertx-context-1.13.2.jar;C:\Users\misad\.m2\repository\io\vertx\vertx-core\4.3.7\vertx-core-4.3.7.jar;C:\Users\misad\.m2\repository\io\netty\netty-common\4.1.86.Final\netty-common-4.1.86.Final.jar;C:\Users\misad\.m2\repository\io\netty\netty-buffer\4.1.86.Final\netty-buffer-4.1.86.Final.jar;C:\Users\misad\.m2\repository\io\netty\netty-transport\4.1.86.Final\netty-transport-4.1.86.Final.jar;C:\Users\misad\.m2\repository\io\netty\netty-handler\4.1.86.Final\netty-handler-4.1.86.Final.jar;C:\Users\misad\.m2\repository\io\netty\netty-transport-native-unix-common\4.1.86.Final\netty-transport-native-unix-common-4.1.86.Final.jar;C:\Users\misad\.m2\repository\io\netty\netty-handler-proxy\4.1.86.Final\netty-handler-proxy-4.1.86.Final.jar;C:\Users\misad\.m2\repository\io\netty\netty-codec-socks\4.1.86.Final\netty-codec-socks-4.1.86.Final.jar;C:\Users\misad\.m2\repository\io\netty\netty-codec-http\4.1.86.Final\netty-codec-http-4.1.86.Final.jar;C:\Users\misad\.m2\repository\io\netty\netty-codec-http2\4.1.86.Final\netty-codec-http2-4.1.86.Final.jar;C:\Users\misad\.m2\repository\io\netty\netty-resolver\4.1.86.Final\netty-resolver-4.1.86.Final.jar;C:\Users\misad\.m2\repository\io\netty\netty-resolver-dns\4.1.86.Final\netty-resolver-dns-4.1.86.Final.jar;C:\Users\misad\.m2\repository\io\netty\netty-codec-dns\4.1.86.Final\netty-codec-dns-4.1.86.Final.jar;C:\Users\misad\.m2\repository\com\fasterxml\jackson\core\jackson-core\2.14.2\jackson-core-2.14.2.jar;C:\Users\misad\.m2\repository\io\quarkus\quarkus-vertx-http-dev-console-runtime-spi\2.16.5.Final\quarkus-vertx-http-dev-console-runtime-spi-2.16.5.Final.jar;C:\Users\misad\.m2\repository\io\quarkus\security\quarkus-security\1.1.4.Final\quarkus-security-1.1.4.Final.jar;C:\Users\misad\.m2\repository\io\quarkus\quarkus-vertx\2.16.5.Final\quarkus-vertx-2.16.5.Final.jar;C:\Users\misad\.m2\repository\io\quarkus\quarkus-netty\2.16.5.Final\quarkus-netty-2.16.5.Final.jar;C:\Users\misad\.m2\repository\io\netty\netty-codec\4.1.86.Final\netty-codec-4.1.86.Final.jar;C:\Users\misad\.m2\repository\com\aayushatharva\brotli4j\brotli4j\1.8.0\brotli4j-1.8.0.jar;C:\Users\misad\.m2\repository\com\aayushatharva\brotli4j\native-windows-x86_64\1.8.0\native-windows-x86_64-1.8.0.jar;C:\Users\misad\.m2\repository\io\netty\netty-codec-haproxy\4.1.86.Final\netty-codec-haproxy-4.1.86.Final.jar;C:\Users\misad\.m2\repository\io\smallrye\common\smallrye-common-annotation\1.13.2\smallrye-common-annotation-1.13.2.jar;C:\Users\misad\.m2\repository\io\quarkus\quarkus-vertx-latebound-mdc-provider\2.16.5.Final\quarkus-vertx-latebound-mdc-provider-2.16.5.Final.jar;C:\Users\misad\.m2\repository\io\smallrye\reactive\smallrye-mutiny-vertx-core\2.30.1\smallrye-mutiny-vertx-core-2.30.1.jar;C:\Users\misad\.m2\repository\io\smallrye\reactive\smallrye-mutiny-vertx-runtime\2.30.1\smallrye-mutiny-vertx-runtime-2.30.1.jar;C:\Users\misad\.m2\repository\io\smallrye\reactive\vertx-mutiny-generator\2.30.1\vertx-mutiny-generator-2.30.1.jar;C:\Users\misad\.m2\repository\io\vertx\vertx-codegen\4.3.7\vertx-codegen-4.3.7.jar;C:\Users\misad\.m2\repository\io\smallrye\smallrye-fault-tolerance-vertx\5.6.0\smallrye-fault-tolerance-vertx-5.6.0.jar;C:\Users\misad\.m2\repository\io\smallrye\reactive\smallrye-mutiny-vertx-web\2.30.1\smallrye-mutiny-vertx-web-2.30.1.jar;C:\Users\misad\.m2\repository\io\smallrye\reactive\smallrye-mutiny-vertx-web-common\2.30.1\smallrye-mutiny-vertx-web-common-2.30.1.jar;C:\Users\misad\.m2\repository\io\smallrye\reactive\smallrye-mutiny-vertx-auth-common\2.30.1\smallrye-mutiny-vertx-auth-common-2.30.1.jar;C:\Users\misad\.m2\repository\io\smallrye\reactive\smallrye-mutiny-vertx-bridge-common\2.30.1\smallrye-mutiny-vertx-bridge-common-2.30.1.jar;C:\Users\misad\.m2\repository\io\smallrye\reactive\smallrye-mutiny-vertx-uri-template\2.30.1\smallrye-mutiny-vertx-uri-template-2.30.1.jar;C:\Users\misad\.m2\repository\io\vertx\vertx-uri-template\4.3.7\vertx-uri-template-4.3.7.jar;C:\Users\misad\.m2\repository\io\vertx\vertx-web\4.3.7\vertx-web-4.3.7.jar;C:\Users\misad\.m2\repository\io\vertx\vertx-web-common\4.3.7\vertx-web-common-4.3.7.jar;C:\Users\misad\.m2\repository\io\vertx\vertx-auth-common\4.3.7\vertx-auth-common-4.3.7.jar;C:\Users\misad\.m2\repository\io\vertx\vertx-bridge-common\4.3.7\vertx-bridge-common-4.3.7.jar;C:\Users\misad\.m2\repository\io\github\crac\org-crac\0.1.3\org-crac-0.1.3.jar;C:\Users\misad\.m2\repository\io\quarkus\quarkus-resteasy-server-common\2.16.5.Final\quarkus-resteasy-server-common-2.16.5.Final.jar;C:\Users\misad\.m2\repository\io\quarkus\quarkus-resteasy-common\2.16.5.Final\quarkus-resteasy-common-2.16.5.Final.jar;C:\Users\misad\.m2\repository\org\jboss\resteasy\resteasy-core\4.7.7.Final\resteasy-core-4.7.7.Final.jar;C:\Users\misad\.m2\repository\org\jboss\spec\javax\ws\rs\jboss-jaxrs-api_2.1_spec\2.0.1.Final\jboss-jaxrs-api_2.1_spec-2.0.1.Final.jar;C:\Users\misad\.m2\repository\org\jboss\resteasy\resteasy-core-spi\4.7.7.Final\resteasy-core-spi-4.7.7.Final.jar;C:\Users\misad\.m2\repository\com\ibm\async\asyncutil\0.1.0\asyncutil-0.1.0.jar;C:\Users\misad\.m2\repository\jakarta\validation\jakarta.validation-api\2.0.2\jakarta.validation-api-2.0.2.jar;C:\Users\misad\.m2\repository\io\quarkus\quarkus-jdbc-h2\2.16.5.Final\quarkus-jdbc-h2-2.16.5.Final.jar;C:\Users\misad\.m2\repository\com\h2database\h2\2.1.214\h2-2.1.214.jar;C:\Users\misad\.m2\repository\org\locationtech\jts\jts-core\1.17.0\jts-core-1.17.0.jar;C:\Users\misad\.m2\repository\io\quarkus\quarkus-arc\2.16.5.Final\quarkus-arc-2.16.5.Final.jar;C:\Users\misad\.m2\repository\io\quarkus\arc\arc\2.16.5.Final\arc-2.16.5.Final.jar;C:\Users\misad\.m2\repository\io\smallrye\reactive\mutiny\1.9.0\mutiny-1.9.0.jar;C:\Users\misad\.m2\repository\org\eclipse\microprofile\context-propagation\microprofile-context-propagation-api\1.2\microprofile-context-propagation-api-1.2.jar;C:\Users\misad\.m2\repository\io\quarkus\quarkus-junit5\2.16.5.Final\quarkus-junit5-2.16.5.Final.jar;C:\Users\misad\.m2\repository\io\quarkus\quarkus-bootstrap-core\2.16.5.Final\quarkus-bootstrap-core-2.16.5.Final.jar;C:\Users\misad\.m2\repository\io\quarkus\quarkus-bootstrap-app-model\2.16.5.Final\quarkus-bootstrap-app-model-2.16.5.Final.jar;C:\Users\misad\.m2\repository\io\smallrye\common\smallrye-common-io\1.13.2\smallrye-common-io-1.13.2.jar;C:\Users\misad\.m2\repository\org\eclipse\sisu\org.eclipse.sisu.inject\0.3.5\org.eclipse.sisu.inject-0.3.5.jar;C:\Users\misad\.m2\repository\io\quarkus\quarkus-test-common\2.16.5.Final\quarkus-test-common-2.16.5.Final.jar;C:\Users\misad\.m2\repository\io\quarkus\quarkus-core-deployment\2.16.5.Final\quarkus-core-deployment-2.16.5.Final.jar;C:\Users\misad\.m2\repository\org\aesh\readline\2.2\readline-2.2.jar;C:\Users\misad\.m2\repository\org\fusesource\jansi\jansi\1.18\jansi-1.18.jar;C:\Users\misad\.m2\repository\org\aesh\aesh\2.7\aesh-2.7.jar;C:\Users\misad\.m2\repository\io\quarkus\gizmo\gizmo\1.6.0.Final\gizmo-1.6.0.Final.jar;C:\Users\misad\.m2\repository\org\ow2\asm\asm-util\9.4\asm-util-9.4.jar;C:\Users\misad\.m2\repository\org\ow2\asm\asm-analysis\9.4\asm-analysis-9.4.jar;C:\Users\misad\.m2\repository\org\ow2\asm\asm\9.4\asm-9.4.jar;C:\Users\misad\.m2\repository\org\ow2\asm\asm-commons\9.4\asm-commons-9.4.jar;C:\Users\misad\.m2\repository\org\ow2\asm\asm-tree\9.4\asm-tree-9.4.jar;C:\Users\misad\.m2\repository\io\quarkus\quarkus-class-change-agent\2.16.5.Final\quarkus-class-change-agent-2.16.5.Final.jar;C:\Users\misad\.m2\repository\io\quarkus\quarkus-devtools-utilities\2.16.5.Final\quarkus-devtools-utilities-2.16.5.Final.jar;C:\Users\misad\.m2\repository\io\quarkus\quarkus-builder\2.16.5.Final\quarkus-builder-2.16.5.Final.jar;C:\Users\misad\.m2\repository\org\junit\platform\junit-platform-launcher\1.9.2\junit-platform-launcher-1.9.2.jar;C:\Users\misad\.m2\repository\io\quarkus\quarkus-bootstrap-maven-resolver\2.16.5.Final\quarkus-bootstrap-maven-resolver-2.16.5.Final.jar;C:\Users\misad\.m2\repository\org\apache\maven\maven-embedder\3.8.6\maven-embedder-3.8.6.jar;C:\Users\misad\.m2\repository\org\apache\maven\maven-settings\3.8.6\maven-settings-3.8.6.jar;C:\Users\misad\.m2\repository\org\apache\maven\maven-core\3.8.6\maven-core-3.8.6.jar;C:\Users\misad\.m2\repository\org\apache\maven\maven-artifact\3.8.6\maven-artifact-3.8.6.jar;C:\Users\misad\.m2\repository\org\codehaus\plexus\plexus-component-annotations\2.1.0\plexus-component-annotations-2.1.0.jar;C:\Users\misad\.m2\repository\org\apache\maven\maven-plugin-api\3.8.6\maven-plugin-api-3.8.6.jar;C:\Users\misad\.m2\repository\org\apache\maven\maven-model\3.8.6\maven-model-3.8.6.jar;C:\Users\misad\.m2\repository\org\apache\maven\maven-model-builder\3.8.6\maven-model-builder-3.8.6.jar;C:\Users\misad\.m2\repository\org\apache\maven\maven-builder-support\3.8.6\maven-builder-support-3.8.6.jar;C:\Users\misad\.m2\repository\org\apache\maven\resolver\maven-resolver-api\1.6.3\maven-resolver-api-1.6.3.jar;C:\Users\misad\.m2\repository\org\apache\maven\resolver\maven-resolver-util\1.6.3\maven-resolver-util-1.6.3.jar;C:\Users\misad\.m2\repository\org\apache\maven\shared\maven-shared-utils\3.3.4\maven-shared-utils-3.3.4.jar;C:\Users\misad\.m2\repository\com\google\inject\guice\4.2.2\guice-4.2.2-no_aop.jar;C:\Users\misad\.m2\repository\com\google\guava\guava\31.1-jre\guava-31.1-jre.jar;C:\Users\misad\.m2\repository\com\google\guava\failureaccess\1.0.1\failureaccess-1.0.1.jar;C:\Users\misad\.m2\repository\org\codehaus\plexus\plexus-classworlds\2.6.0\plexus-classworlds-2.6.0.jar;C:\Users\misad\.m2\repository\org\codehaus\plexus\plexus-sec-dispatcher\2.0\plexus-sec-dispatcher-2.0.jar;C:\Users\misad\.m2\repository\org\codehaus\plexus\plexus-cipher\2.0\plexus-cipher-2.0.jar;C:\Users\misad\.m2\repository\commons-cli\commons-cli\1.4\commons-cli-1.4.jar;C:\Users\misad\.m2\repository\org\eclipse\sisu\org.eclipse.sisu.plexus\0.3.5\org.eclipse.sisu.plexus-0.3.5.jar;C:\Users\misad\.m2\repository\org\apache\maven\maven-settings-builder\3.8.6\maven-settings-builder-3.8.6.jar;C:\Users\misad\.m2\repository\org\codehaus\plexus\plexus-interpolation\1.26\plexus-interpolation-1.26.jar;C:\Users\misad\.m2\repository\org\apache\maven\maven-resolver-provider\3.8.6\maven-resolver-provider-3.8.6.jar;C:\Users\misad\.m2\repository\org\apache\maven\maven-repository-metadata\3.8.6\maven-repository-metadata-3.8.6.jar;C:\Users\misad\.m2\repository\org\apache\maven\resolver\maven-resolver-spi\1.6.3\maven-resolver-spi-1.6.3.jar;C:\Users\misad\.m2\repository\org\apache\maven\resolver\maven-resolver-impl\1.6.3\maven-resolver-impl-1.6.3.jar;C:\Users\misad\.m2\repository\org\codehaus\plexus\plexus-utils\3.3.0\plexus-utils-3.3.0.jar;C:\Users\misad\.m2\repository\org\apache\maven\resolver\maven-resolver-connector-basic\1.6.3\maven-resolver-connector-basic-1.6.3.jar;C:\Users\misad\.m2\repository\org\apache\maven\resolver\maven-resolver-transport-wagon\1.6.3\maven-resolver-transport-wagon-1.6.3.jar;C:\Users\misad\.m2\repository\org\apache\maven\wagon\wagon-http\3.5.1\wagon-http-3.5.1.jar;C:\Users\misad\.m2\repository\org\apache\maven\wagon\wagon-http-shared\3.5.1\wagon-http-shared-3.5.1.jar;C:\Users\misad\.m2\repository\org\apache\maven\wagon\wagon-provider-api\3.5.1\wagon-provider-api-3.5.1.jar;C:\Users\misad\.m2\repository\org\apache\maven\wagon\wagon-file\3.5.1\wagon-file-3.5.1.jar;C:\Users\misad\.m2\repository\io\quarkus\quarkus-bootstrap-gradle-resolver\2.16.5.Final\quarkus-bootstrap-gradle-resolver-2.16.5.Final.jar;C:\Users\misad\.m2\repository\io\smallrye\jandex\3.0.5\jandex-3.0.5.jar;C:\Users\misad\.m2\repository\org\jboss\logging\commons-logging-jboss-logging\1.0.0.Final\commons-logging-jboss-logging-1.0.0.Final.jar;C:\Users\misad\.m2\repository\io\quarkus\quarkus-junit5-properties\2.16.5.Final\quarkus-junit5-properties-2.16.5.Final.jar;C:\Users\misad\.m2\repository\org\junit\jupiter\junit-jupiter\5.9.2\junit-jupiter-5.9.2.jar;C:\Users\misad\.m2\repository\org\junit\jupiter\junit-jupiter-api\5.9.2\junit-jupiter-api-5.9.2.jar;C:\Users\misad\.m2\repository\org\opentest4j\opentest4j\1.2.0\opentest4j-1.2.0.jar;C:\Users\misad\.m2\repository\org\junit\platform\junit-platform-commons\1.9.2\junit-platform-commons-1.9.2.jar;C:\Users\misad\.m2\repository\org\apiguardian\apiguardian-api\1.1.2\apiguardian-api-1.1.2.jar;C:\Users\misad\.m2\repository\org\junit\jupiter\junit-jupiter-params\5.9.2\junit-jupiter-params-5.9.2.jar;C:\Users\misad\.m2\repository\org\junit\jupiter\junit-jupiter-engine\5.9.2\junit-jupiter-engine-5.9.2.jar;C:\Users\misad\.m2\repository\org\junit\platform\junit-platform-engine\1.9.2\junit-platform-engine-1.9.2.jar;C:\Users\misad\.m2\repository\com\thoughtworks\xstream\xstream\1.4.20\xstream-1.4.20.jar;C:\Users\misad\.m2\repository\io\github\x-stream\mxparser\1.2.2\mxparser-1.2.2.jar;C:\Users\misad\.m2\repository\xmlpull\xmlpull\1.1.3.1\xmlpull-1.1.3.1.jar;C:\Users\misad\.m2\repository\io\rest-assured\rest-assured\4.5.1\rest-assured-4.5.1.jar;C:\Users\misad\.m2\repository\org\codehaus\groovy\groovy\3.0.9\groovy-3.0.9.jar;C:\Users\misad\.m2\repository\org\codehaus\groovy\groovy-xml\3.0.9\groovy-xml-3.0.9.jar;C:\Users\misad\.m2\repository\org\apache\httpcomponents\httpclient\4.5.14\httpclient-4.5.14.jar;C:\Users\misad\.m2\repository\org\apache\httpcomponents\httpcore\4.4.16\httpcore-4.4.16.jar;C:\Users\misad\.m2\repository\commons-codec\commons-codec\1.15\commons-codec-1.15.jar;C:\Users\misad\.m2\repository\org\apache\httpcomponents\httpmime\4.5.14\httpmime-4.5.14.jar;C:\Users\misad\.m2\repository\org\hamcrest\hamcrest\2.1\hamcrest-2.1.jar;C:\Users\misad\.m2\repository\org\ccil\cowan\tagsoup\tagsoup\1.2.1\tagsoup-1.2.1.jar;C:\Users\misad\.m2\repository\io\rest-assured\json-path\4.5.1\json-path-4.5.1.jar;C:\Users\misad\.m2\repository\org\codehaus\groovy\groovy-json\3.0.9\groovy-json-3.0.9.jar;C:\Users\misad\.m2\repository\io\rest-assured\rest-assured-common\4.5.1\rest-assured-common-4.5.1.jar;C:\Users\misad\.m2\repository\io\rest-assured\xml-path\4.5.1\xml-path-4.5.1.jar;C:\Users\misad\.m2\repository\org\apache\commons\commons-lang3\3.12.0\commons-lang3-3.12.0.jar;C:\Users\misad\.m2\repository\org\projectlombok\lombok\1.18.26\lombok-1.18.26.jar;"/>
    <property name="java.vm.vendor" value="Oracle Corporation"/>
    <property name="sun.arch.data.model" value="64"/>
    <property name="user.variant" value=""/>
    <property name="java.vendor.url" value="https://java.oracle.com/"/>
    <property name="user.timezone" value="Europe/Prague"/>
    <property name="user.country.format" value="CZ"/>
    <property name="logging.initial-configurator.min-level" value="500"/>
    <property name="os.name" value="Windows 11"/>
    <property name="java.vm.specification.version" value="17"/>
    <property name="sun.java.launcher" value="SUN_STANDARD"/>
    <property name="user.country" value="US"/>
    <property name="sun.boot.library.path" value="D:\Apps\Java\bin"/>
    <property name="sun.java.command" value="C:\Users\misad\AppData\Local\Temp\surefire519431837690653861\surefirebooter-20230507190139655_3.jar C:\Users\misad\AppData\Local\Temp\surefire519431837690653861 2023-05-07T19-01-39_462-jvmRun1 surefire-20230507190139655_1tmp surefire_0-20230507190139655_2tmp"/>
    <property name="jdk.debug" value="release"/>
    <property name="maven.home" value="D:\misad\Downloads\apache-maven-3.9.0"/>
    <property name="surefire.test.class.path" value="C:\Users\misad\OneDrive\Plocha\TEST\rest-server-solution-master (4)\rest-server-solution-master\target\test-classes;C:\Users\misad\OneDrive\Plocha\TEST\rest-server-solution-master (4)\rest-server-solution-master\target\classes;C:\Users\misad\.m2\repository\io\quarkus\quarkus-config-yaml\2.16.5.Final\quarkus-config-yaml-2.16.5.Final.jar;C:\Users\misad\.m2\repository\io\smallrye\config\smallrye-config-source-yaml\2.13.3\smallrye-config-source-yaml-2.13.3.jar;C:\Users\misad\.m2\repository\org\yaml\snakeyaml\1.33\snakeyaml-1.33.jar;C:\Users\misad\.m2\repository\io\smallrye\config\smallrye-config-common\2.13.3\smallrye-config-common-2.13.3.jar;C:\Users\misad\.m2\repository\io\smallrye\common\smallrye-common-classloader\1.13.2\smallrye-common-classloader-1.13.2.jar;C:\Users\misad\.m2\repository\io\smallrye\config\smallrye-config\2.13.3\smallrye-config-2.13.3.jar;C:\Users\misad\.m2\repository\io\smallrye\config\smallrye-config-core\2.13.3\smallrye-config-core-2.13.3.jar;C:\Users\misad\.m2\repository\io\smallrye\common\smallrye-common-expression\1.13.2\smallrye-common-expression-1.13.2.jar;C:\Users\misad\.m2\repository\io\smallrye\common\smallrye-common-function\1.13.2\smallrye-common-function-1.13.2.jar;C:\Users\misad\.m2\repository\io\smallrye\common\smallrye-common-constraint\1.13.2\smallrye-common-constraint-1.13.2.jar;C:\Users\misad\.m2\repository\io\quarkus\quarkus-core\2.16.5.Final\quarkus-core-2.16.5.Final.jar;C:\Users\misad\.m2\repository\jakarta\annotation\jakarta.annotation-api\1.3.5\jakarta.annotation-api-1.3.5.jar;C:\Users\misad\.m2\repository\jakarta\enterprise\jakarta.enterprise.cdi-api\2.0.2\jakarta.enterprise.cdi-api-2.0.2.jar;C:\Users\misad\.m2\repository\jakarta\el\jakarta.el-api\3.0.3\jakarta.el-api-3.0.3.jar;C:\Users\misad\.m2\repository\jakarta\interceptor\jakarta.interceptor-api\1.2.5\jakarta.interceptor-api-1.2.5.jar;C:\Users\misad\.m2\repository\jakarta\inject\jakarta.inject-api\1.0\jakarta.inject-api-1.0.jar;C:\Users\misad\.m2\repository\io\quarkus\quarkus-ide-launcher\2.16.5.Final\quarkus-ide-launcher-2.16.5.Final.jar;C:\Users\misad\.m2\repository\io\quarkus\quarkus-development-mode-spi\2.16.5.Final\quarkus-development-mode-spi-2.16.5.Final.jar;C:\Users\misad\.m2\repository\org\jboss\logging\jboss-logging\3.5.0.Final\jboss-logging-3.5.0.Final.jar;C:\Users\misad\.m2\repository\org\jboss\logmanager\jboss-logmanager-embedded\1.0.11\jboss-logmanager-embedded-1.0.11.jar;C:\Users\misad\.m2\repository\org\jboss\logging\jboss-logging-annotations\2.2.1.Final\jboss-logging-annotations-2.2.1.Final.jar;C:\Users\misad\.m2\repository\org\jboss\threads\jboss-threads\3.4.3.Final\jboss-threads-3.4.3.Final.jar;C:\Users\misad\.m2\repository\org\slf4j\slf4j-api\1.7.36\slf4j-api-1.7.36.jar;C:\Users\misad\.m2\repository\org\jboss\slf4j\slf4j-jboss-logmanager\1.2.0.Final\slf4j-jboss-logmanager-1.2.0.Final.jar;C:\Users\misad\.m2\repository\org\graalvm\sdk\graal-sdk\22.3.0\graal-sdk-22.3.0.jar;C:\Users\misad\.m2\repository\org\wildfly\common\wildfly-common\1.5.4.Final-format-001\wildfly-common-1.5.4.Final-format-001.jar;C:\Users\misad\.m2\repository\io\quarkus\quarkus-bootstrap-runner\2.16.5.Final\quarkus-bootstrap-runner-2.16.5.Final.jar;C:\Users\misad\.m2\repository\io\quarkus\quarkus-fs-util\0.0.9\quarkus-fs-util-0.0.9.jar;C:\Users\misad\.m2\repository\org\eclipse\microprofile\config\microprofile-config-api\2.0.1\microprofile-config-api-2.0.1.jar;C:\Users\misad\.m2\repository\io\quarkus\quarkus-hibernate-orm\2.16.5.Final\quarkus-hibernate-orm-2.16.5.Final.jar;C:\Users\misad\.m2\repository\io\quarkus\quarkus-agroal\2.16.5.Final\quarkus-agroal-2.16.5.Final.jar;C:\Users\misad\.m2\repository\io\quarkus\quarkus-datasource\2.16.5.Final\quarkus-datasource-2.16.5.Final.jar;C:\Users\misad\.m2\repository\io\quarkus\quarkus-datasource-common\2.16.5.Final\quarkus-datasource-common-2.16.5.Final.jar;C:\Users\misad\.m2\repository\io\agroal\agroal-api\1.17\agroal-api-1.17.jar;C:\Users\misad\.m2\repository\io\agroal\agroal-narayana\1.17\agroal-narayana-1.17.jar;C:\Users\misad\.m2\repository\org\jboss\jboss-transaction-spi\7.6.0.Final\jboss-transaction-spi-7.6.0.Final.jar;C:\Users\misad\.m2\repository\io\agroal\agroal-pool\1.17\agroal-pool-1.17.jar;C:\Users\misad\.m2\repository\io\quarkus\quarkus-credentials\2.16.5.Final\quarkus-credentials-2.16.5.Final.jar;C:\Users\misad\.m2\repository\io\quarkus\quarkus-narayana-jta\2.16.5.Final\quarkus-narayana-jta-2.16.5.Final.jar;C:\Users\misad\.m2\repository\io\quarkus\quarkus-transaction-annotations\2.16.5.Final\quarkus-transaction-annotations-2.16.5.Final.jar;C:\Users\misad\.m2\repository\io\quarkus\quarkus-mutiny\2.16.5.Final\quarkus-mutiny-2.16.5.Final.jar;C:\Users\misad\.m2\repository\io\quarkus\quarkus-smallrye-context-propagation\2.16.5.Final\quarkus-smallrye-context-propagation-2.16.5.Final.jar;C:\Users\misad\.m2\repository\io\smallrye\smallrye-context-propagation\1.2.2\smallrye-context-propagation-1.2.2.jar;C:\Users\misad\.m2\repository\io\smallrye\smallrye-context-propagation-api\1.2.2\smallrye-context-propagation-api-1.2.2.jar;C:\Users\misad\.m2\repository\io\smallrye\smallrye-context-propagation-storage\1.2.2\smallrye-context-propagation-storage-1.2.2.jar;C:\Users\misad\.m2\repository\io\smallrye\reactive\mutiny-smallrye-context-propagation\1.9.0\mutiny-smallrye-context-propagation-1.9.0.jar;C:\Users\misad\.m2\repository\io\smallrye\smallrye-context-propagation-jta\1.2.2\smallrye-context-propagation-jta-1.2.2.jar;C:\Users\misad\.m2\repository\io\smallrye\reactive\smallrye-reactive-converter-api\2.7.0\smallrye-reactive-converter-api-2.7.0.jar;C:\Users\misad\.m2\repository\org\reactivestreams\reactive-streams\1.0.3\reactive-streams-1.0.3.jar;C:\Users\misad\.m2\repository\io\smallrye\reactive\smallrye-reactive-converter-mutiny\2.7.0\smallrye-reactive-converter-mutiny-2.7.0.jar;C:\Users\misad\.m2\repository\org\jboss\narayana\jta\narayana-jta\5.13.1.Final\narayana-jta-5.13.1.Final.jar;C:\Users\misad\.m2\repository\org\jboss\spec\javax\resource\jboss-connector-api_1.7_spec\1.0.0.Final\jboss-connector-api_1.7_spec-1.0.0.Final.jar;C:\Users\misad\.m2\repository\org\jboss\narayana\jts\narayana-jts-integration\5.13.1.Final\narayana-jts-integration-5.13.1.Final.jar;C:\Users\misad\.m2\repository\org\hibernate\hibernate-core\5.6.15.Final\hibernate-core-5.6.15.Final.jar;C:\Users\misad\.m2\repository\net\bytebuddy\byte-buddy\1.12.18\byte-buddy-1.12.18.jar;C:\Users\misad\.m2\repository\antlr\antlr\2.7.7\antlr-2.7.7.jar;C:\Users\misad\.m2\repository\com\fasterxml\classmate\1.5.1\classmate-1.5.1.jar;C:\Users\misad\.m2\repository\org\hibernate\common\hibernate-commons-annotations\5.1.2.Final\hibernate-commons-annotations-5.1.2.Final.jar;C:\Users\misad\.m2\repository\org\hibernate\hibernate-graalvm\5.6.15.Final\hibernate-graalvm-5.6.15.Final.jar;C:\Users\misad\.m2\repository\org\glassfish\jaxb\jaxb-runtime\2.3.3-b02\jaxb-runtime-2.3.3-b02.jar;C:\Users\misad\.m2\repository\org\glassfish\jaxb\txw2\2.3.3-b02\txw2-2.3.3-b02.jar;C:\Users\misad\.m2\repository\com\sun\istack\istack-commons-runtime\3.0.10\istack-commons-runtime-3.0.10.jar;C:\Users\misad\.m2\repository\com\sun\activation\jakarta.activation\1.2.1\jakarta.activation-1.2.1.jar;C:\Users\misad\.m2\repository\org\jboss\spec\javax\xml\bind\jboss-jaxb-api_2.3_spec\2.0.0.Final\jboss-jaxb-api_2.3_spec-2.0.0.Final.jar;C:\Users\misad\.m2\repository\jakarta\persistence\jakarta.persistence-api\2.2.3\jakarta.persistence-api-2.2.3.jar;C:\Users\misad\.m2\repository\jakarta\transaction\jakarta.transaction-api\1.3.3\jakarta.transaction-api-1.3.3.jar;C:\Users\misad\.m2\repository\org\hibernate\quarkus-local-cache\0.1.1\quarkus-local-cache-0.1.1.jar;C:\Users\misad\.m2\repository\io\quarkus\quarkus-caffeine\2.16.5.Final\quarkus-caffeine-2.16.5.Final.jar;C:\Users\misad\.m2\repository\com\github\ben-manes\caffeine\caffeine\3.1.1\caffeine-3.1.1.jar;C:\Users\misad\.m2\repository\com\google\errorprone\error_prone_annotations\2.17.0\error_prone_annotations-2.17.0.jar;C:\Users\misad\.m2\repository\io\quarkus\quarkus-resteasy-jsonb\2.16.5.Final\quarkus-resteasy-jsonb-2.16.5.Final.jar;C:\Users\misad\.m2\repository\io\quarkus\quarkus-jsonb\2.16.5.Final\quarkus-jsonb-2.16.5.Final.jar;C:\Users\misad\.m2\repository\org\eclipse\yasson\1.0.11\yasson-1.0.11.jar;C:\Users\misad\.m2\repository\io\quarkus\quarkus-jsonp\2.16.5.Final\quarkus-jsonp-2.16.5.Final.jar;C:\Users\misad\.m2\repository\org\glassfish\jakarta.json\1.1.6\jakarta.json-1.1.6.jar;C:\Users\misad\.m2\repository\org\jboss\resteasy\resteasy-json-binding-provider\4.7.7.Final\resteasy-json-binding-provider-4.7.7.Final.jar;C:\Users\misad\.m2\repository\jakarta\json\bind\jakarta.json.bind-api\1.0.2\jakarta.json.bind-api-1.0.2.jar;C:\Users\misad\.m2\repository\org\jboss\resteasy\resteasy-json-p-provider\4.7.7.Final\resteasy-json-p-provider-4.7.7.Final.jar;C:\Users\misad\.m2\repository\commons-io\commons-io\2.11.0\commons-io-2.11.0.jar;C:\Users\misad\.m2\repository\io\quarkus\quarkus-resteasy\2.16.5.Final\quarkus-resteasy-2.16.5.Final.jar;C:\Users\misad\.m2\repository\io\quarkus\quarkus-vertx-http\2.16.5.Final\quarkus-vertx-http-2.16.5.Final.jar;C:\Users\misad\.m2\repository\io\quarkus\quarkus-security-runtime-spi\2.16.5.Final\quarkus-security-runtime-spi-2.16.5.Final.jar;C:\Users\misad\.m2\repository\io\smallrye\common\smallrye-common-vertx-context\1.13.2\smallrye-common-vertx-context-1.13.2.jar;C:\Users\misad\.m2\repository\io\vertx\vertx-core\4.3.7\vertx-core-4.3.7.jar;C:\Users\misad\.m2\repository\io\netty\netty-common\4.1.86.Final\netty-common-4.1.86.Final.jar;C:\Users\misad\.m2\repository\io\netty\netty-buffer\4.1.86.Final\netty-buffer-4.1.86.Final.jar;C:\Users\misad\.m2\repository\io\netty\netty-transport\4.1.86.Final\netty-transport-4.1.86.Final.jar;C:\Users\misad\.m2\repository\io\netty\netty-handler\4.1.86.Final\netty-handler-4.1.86.Final.jar;C:\Users\misad\.m2\repository\io\netty\netty-transport-native-unix-common\4.1.86.Final\netty-transport-native-unix-common-4.1.86.Final.jar;C:\Users\misad\.m2\repository\io\netty\netty-handler-proxy\4.1.86.Final\netty-handler-proxy-4.1.86.Final.jar;C:\Users\misad\.m2\repository\io\netty\netty-codec-socks\4.1.86.Final\netty-codec-socks-4.1.86.Final.jar;C:\Users\misad\.m2\repository\io\netty\netty-codec-http\4.1.86.Final\netty-codec-http-4.1.86.Final.jar;C:\Users\misad\.m2\repository\io\netty\netty-codec-http2\4.1.86.Final\netty-codec-http2-4.1.86.Final.jar;C:\Users\misad\.m2\repository\io\netty\netty-resolver\4.1.86.Final\netty-resolver-4.1.86.Final.jar;C:\Users\misad\.m2\repository\io\netty\netty-resolver-dns\4.1.86.Final\netty-resolver-dns-4.1.86.Final.jar;C:\Users\misad\.m2\repository\io\netty\netty-codec-dns\4.1.86.Final\netty-codec-dns-4.1.86.Final.jar;C:\Users\misad\.m2\repository\com\fasterxml\jackson\core\jackson-core\2.14.2\jackson-core-2.14.2.jar;C:\Users\misad\.m2\repository\io\quarkus\quarkus-vertx-http-dev-console-runtime-spi\2.16.5.Final\quarkus-vertx-http-dev-console-runtime-spi-2.16.5.Final.jar;C:\Users\misad\.m2\repository\io\quarkus\security\quarkus-security\1.1.4.Final\quarkus-security-1.1.4.Final.jar;C:\Users\misad\.m2\repository\io\quarkus\quarkus-vertx\2.16.5.Final\quarkus-vertx-2.16.5.Final.jar;C:\Users\misad\.m2\repository\io\quarkus\quarkus-netty\2.16.5.Final\quarkus-netty-2.16.5.Final.jar;C:\Users\misad\.m2\repository\io\netty\netty-codec\4.1.86.Final\netty-codec-4.1.86.Final.jar;C:\Users\misad\.m2\repository\com\aayushatharva\brotli4j\brotli4j\1.8.0\brotli4j-1.8.0.jar;C:\Users\misad\.m2\repository\com\aayushatharva\brotli4j\native-windows-x86_64\1.8.0\native-windows-x86_64-1.8.0.jar;C:\Users\misad\.m2\repository\io\netty\netty-codec-haproxy\4.1.86.Final\netty-codec-haproxy-4.1.86.Final.jar;C:\Users\misad\.m2\repository\io\smallrye\common\smallrye-common-annotation\1.13.2\smallrye-common-annotation-1.13.2.jar;C:\Users\misad\.m2\repository\io\quarkus\quarkus-vertx-latebound-mdc-provider\2.16.5.Final\quarkus-vertx-latebound-mdc-provider-2.16.5.Final.jar;C:\Users\misad\.m2\repository\io\smallrye\reactive\smallrye-mutiny-vertx-core\2.30.1\smallrye-mutiny-vertx-core-2.30.1.jar;C:\Users\misad\.m2\repository\io\smallrye\reactive\smallrye-mutiny-vertx-runtime\2.30.1\smallrye-mutiny-vertx-runtime-2.30.1.jar;C:\Users\misad\.m2\repository\io\smallrye\reactive\vertx-mutiny-generator\2.30.1\vertx-mutiny-generator-2.30.1.jar;C:\Users\misad\.m2\repository\io\vertx\vertx-codegen\4.3.7\vertx-codegen-4.3.7.jar;C:\Users\misad\.m2\repository\io\smallrye\smallrye-fault-tolerance-vertx\5.6.0\smallrye-fault-tolerance-vertx-5.6.0.jar;C:\Users\misad\.m2\repository\io\smallrye\reactive\smallrye-mutiny-vertx-web\2.30.1\smallrye-mutiny-vertx-web-2.30.1.jar;C:\Users\misad\.m2\repository\io\smallrye\reactive\smallrye-mutiny-vertx-web-common\2.30.1\smallrye-mutiny-vertx-web-common-2.30.1.jar;C:\Users\misad\.m2\repository\io\smallrye\reactive\smallrye-mutiny-vertx-auth-common\2.30.1\smallrye-mutiny-vertx-auth-common-2.30.1.jar;C:\Users\misad\.m2\repository\io\smallrye\reactive\smallrye-mutiny-vertx-bridge-common\2.30.1\smallrye-mutiny-vertx-bridge-common-2.30.1.jar;C:\Users\misad\.m2\repository\io\smallrye\reactive\smallrye-mutiny-vertx-uri-template\2.30.1\smallrye-mutiny-vertx-uri-template-2.30.1.jar;C:\Users\misad\.m2\repository\io\vertx\vertx-uri-template\4.3.7\vertx-uri-template-4.3.7.jar;C:\Users\misad\.m2\repository\io\vertx\vertx-web\4.3.7\vertx-web-4.3.7.jar;C:\Users\misad\.m2\repository\io\vertx\vertx-web-common\4.3.7\vertx-web-common-4.3.7.jar;C:\Users\misad\.m2\repository\io\vertx\vertx-auth-common\4.3.7\vertx-auth-common-4.3.7.jar;C:\Users\misad\.m2\repository\io\vertx\vertx-bridge-common\4.3.7\vertx-bridge-common-4.3.7.jar;C:\Users\misad\.m2\repository\io\github\crac\org-crac\0.1.3\org-crac-0.1.3.jar;C:\Users\misad\.m2\repository\io\quarkus\quarkus-resteasy-server-common\2.16.5.Final\quarkus-resteasy-server-common-2.16.5.Final.jar;C:\Users\misad\.m2\repository\io\quarkus\quarkus-resteasy-common\2.16.5.Final\quarkus-resteasy-common-2.16.5.Final.jar;C:\Users\misad\.m2\repository\org\jboss\resteasy\resteasy-core\4.7.7.Final\resteasy-core-4.7.7.Final.jar;C:\Users\misad\.m2\repository\org\jboss\spec\javax\ws\rs\jboss-jaxrs-api_2.1_spec\2.0.1.Final\jboss-jaxrs-api_2.1_spec-2.0.1.Final.jar;C:\Users\misad\.m2\repository\org\jboss\resteasy\resteasy-core-spi\4.7.7.Final\resteasy-core-spi-4.7.7.Final.jar;C:\Users\misad\.m2\repository\com\ibm\async\asyncutil\0.1.0\asyncutil-0.1.0.jar;C:\Users\misad\.m2\repository\jakarta\validation\jakarta.validation-api\2.0.2\jakarta.validation-api-2.0.2.jar;C:\Users\misad\.m2\repository\io\quarkus\quarkus-jdbc-h2\2.16.5.Final\quarkus-jdbc-h2-2.16.5.Final.jar;C:\Users\misad\.m2\repository\com\h2database\h2\2.1.214\h2-2.1.214.jar;C:\Users\misad\.m2\repository\org\locationtech\jts\jts-core\1.17.0\jts-core-1.17.0.jar;C:\Users\misad\.m2\repository\io\quarkus\quarkus-arc\2.16.5.Final\quarkus-arc-2.16.5.Final.jar;C:\Users\misad\.m2\repository\io\quarkus\arc\arc\2.16.5.Final\arc-2.16.5.Final.jar;C:\Users\misad\.m2\repository\io\smallrye\reactive\mutiny\1.9.0\mutiny-1.9.0.jar;C:\Users\misad\.m2\repository\org\eclipse\microprofile\context-propagation\microprofile-context-propagation-api\1.2\microprofile-context-propagation-api-1.2.jar;C:\Users\misad\.m2\repository\io\quarkus\quarkus-junit5\2.16.5.Final\quarkus-junit5-2.16.5.Final.jar;C:\Users\misad\.m2\repository\io\quarkus\quarkus-bootstrap-core\2.16.5.Final\quarkus-bootstrap-core-2.16.5.Final.jar;C:\Users\misad\.m2\repository\io\quarkus\quarkus-bootstrap-app-model\2.16.5.Final\quarkus-bootstrap-app-model-2.16.5.Final.jar;C:\Users\misad\.m2\repository\io\smallrye\common\smallrye-common-io\1.13.2\smallrye-common-io-1.13.2.jar;C:\Users\misad\.m2\repository\org\eclipse\sisu\org.eclipse.sisu.inject\0.3.5\org.eclipse.sisu.inject-0.3.5.jar;C:\Users\misad\.m2\repository\io\quarkus\quarkus-test-common\2.16.5.Final\quarkus-test-common-2.16.5.Final.jar;C:\Users\misad\.m2\repository\io\quarkus\quarkus-core-deployment\2.16.5.Final\quarkus-core-deployment-2.16.5.Final.jar;C:\Users\misad\.m2\repository\org\aesh\readline\2.2\readline-2.2.jar;C:\Users\misad\.m2\repository\org\fusesource\jansi\jansi\1.18\jansi-1.18.jar;C:\Users\misad\.m2\repository\org\aesh\aesh\2.7\aesh-2.7.jar;C:\Users\misad\.m2\repository\io\quarkus\gizmo\gizmo\1.6.0.Final\gizmo-1.6.0.Final.jar;C:\Users\misad\.m2\repository\org\ow2\asm\asm-util\9.4\asm-util-9.4.jar;C:\Users\misad\.m2\repository\org\ow2\asm\asm-analysis\9.4\asm-analysis-9.4.jar;C:\Users\misad\.m2\repository\org\ow2\asm\asm\9.4\asm-9.4.jar;C:\Users\misad\.m2\repository\org\ow2\asm\asm-commons\9.4\asm-commons-9.4.jar;C:\Users\misad\.m2\repository\org\ow2\asm\asm-tree\9.4\asm-tree-9.4.jar;C:\Users\misad\.m2\repository\io\quarkus\quarkus-class-change-agent\2.16.5.Final\quarkus-class-change-agent-2.16.5.Final.jar;C:\Users\misad\.m2\repository\io\quarkus\quarkus-devtools-utilities\2.16.5.Final\quarkus-devtools-utilities-2.16.5.Final.jar;C:\Users\misad\.m2\repository\io\quarkus\quarkus-builder\2.16.5.Final\quarkus-builder-2.16.5.Final.jar;C:\Users\misad\.m2\repository\org\junit\platform\junit-platform-launcher\1.9.2\junit-platform-launcher-1.9.2.jar;C:\Users\misad\.m2\repository\io\quarkus\quarkus-bootstrap-maven-resolver\2.16.5.Final\quarkus-bootstrap-maven-resolver-2.16.5.Final.jar;C:\Users\misad\.m2\repository\org\apache\maven\maven-embedder\3.8.6\maven-embedder-3.8.6.jar;C:\Users\misad\.m2\repository\org\apache\maven\maven-settings\3.8.6\maven-settings-3.8.6.jar;C:\Users\misad\.m2\repository\org\apache\maven\maven-core\3.8.6\maven-core-3.8.6.jar;C:\Users\misad\.m2\repository\org\apache\maven\maven-artifact\3.8.6\maven-artifact-3.8.6.jar;C:\Users\misad\.m2\repository\org\codehaus\plexus\plexus-component-annotations\2.1.0\plexus-component-annotations-2.1.0.jar;C:\Users\misad\.m2\repository\org\apache\maven\maven-plugin-api\3.8.6\maven-plugin-api-3.8.6.jar;C:\Users\misad\.m2\repository\org\apache\maven\maven-model\3.8.6\maven-model-3.8.6.jar;C:\Users\misad\.m2\repository\org\apache\maven\maven-model-builder\3.8.6\maven-model-builder-3.8.6.jar;C:\Users\misad\.m2\repository\org\apache\maven\maven-builder-support\3.8.6\maven-builder-support-3.8.6.jar;C:\Users\misad\.m2\repository\org\apache\maven\resolver\maven-resolver-api\1.6.3\maven-resolver-api-1.6.3.jar;C:\Users\misad\.m2\repository\org\apache\maven\resolver\maven-resolver-util\1.6.3\maven-resolver-util-1.6.3.jar;C:\Users\misad\.m2\repository\org\apache\maven\shared\maven-shared-utils\3.3.4\maven-shared-utils-3.3.4.jar;C:\Users\misad\.m2\repository\com\google\inject\guice\4.2.2\guice-4.2.2-no_aop.jar;C:\Users\misad\.m2\repository\com\google\guava\guava\31.1-jre\guava-31.1-jre.jar;C:\Users\misad\.m2\repository\com\google\guava\failureaccess\1.0.1\failureaccess-1.0.1.jar;C:\Users\misad\.m2\repository\org\codehaus\plexus\plexus-classworlds\2.6.0\plexus-classworlds-2.6.0.jar;C:\Users\misad\.m2\repository\org\codehaus\plexus\plexus-sec-dispatcher\2.0\plexus-sec-dispatcher-2.0.jar;C:\Users\misad\.m2\repository\org\codehaus\plexus\plexus-cipher\2.0\plexus-cipher-2.0.jar;C:\Users\misad\.m2\repository\commons-cli\commons-cli\1.4\commons-cli-1.4.jar;C:\Users\misad\.m2\repository\org\eclipse\sisu\org.eclipse.sisu.plexus\0.3.5\org.eclipse.sisu.plexus-0.3.5.jar;C:\Users\misad\.m2\repository\org\apache\maven\maven-settings-builder\3.8.6\maven-settings-builder-3.8.6.jar;C:\Users\misad\.m2\repository\org\codehaus\plexus\plexus-interpolation\1.26\plexus-interpolation-1.26.jar;C:\Users\misad\.m2\repository\org\apache\maven\maven-resolver-provider\3.8.6\maven-resolver-provider-3.8.6.jar;C:\Users\misad\.m2\repository\org\apache\maven\maven-repository-metadata\3.8.6\maven-repository-metadata-3.8.6.jar;C:\Users\misad\.m2\repository\org\apache\maven\resolver\maven-resolver-spi\1.6.3\maven-resolver-spi-1.6.3.jar;C:\Users\misad\.m2\repository\org\apache\maven\resolver\maven-resolver-impl\1.6.3\maven-resolver-impl-1.6.3.jar;C:\Users\misad\.m2\repository\org\codehaus\plexus\plexus-utils\3.3.0\plexus-utils-3.3.0.jar;C:\Users\misad\.m2\repository\org\apache\maven\resolver\maven-resolver-connector-basic\1.6.3\maven-resolver-connector-basic-1.6.3.jar;C:\Users\misad\.m2\repository\org\apache\maven\resolver\maven-resolver-transport-wagon\1.6.3\maven-resolver-transport-wagon-1.6.3.jar;C:\Users\misad\.m2\repository\org\apache\maven\wagon\wagon-http\3.5.1\wagon-http-3.5.1.jar;C:\Users\misad\.m2\repository\org\apache\maven\wagon\wagon-http-shared\3.5.1\wagon-http-shared-3.5.1.jar;C:\Users\misad\.m2\repository\org\apache\maven\wagon\wagon-provider-api\3.5.1\wagon-provider-api-3.5.1.jar;C:\Users\misad\.m2\repository\org\apache\maven\wagon\wagon-file\3.5.1\wagon-file-3.5.1.jar;C:\Users\misad\.m2\repository\io\quarkus\quarkus-bootstrap-gradle-resolver\2.16.5.Final\quarkus-bootstrap-gradle-resolver-2.16.5.Final.jar;C:\Users\misad\.m2\repository\io\smallrye\jandex\3.0.5\jandex-3.0.5.jar;C:\Users\misad\.m2\repository\org\jboss\logging\commons-logging-jboss-logging\1.0.0.Final\commons-logging-jboss-logging-1.0.0.Final.jar;C:\Users\misad\.m2\repository\io\quarkus\quarkus-junit5-properties\2.16.5.Final\quarkus-junit5-properties-2.16.5.Final.jar;C:\Users\misad\.m2\repository\org\junit\jupiter\junit-jupiter\5.9.2\junit-jupiter-5.9.2.jar;C:\Users\misad\.m2\repository\org\junit\jupiter\junit-jupiter-api\5.9.2\junit-jupiter-api-5.9.2.jar;C:\Users\misad\.m2\repository\org\opentest4j\opentest4j\1.2.0\opentest4j-1.2.0.jar;C:\Users\misad\.m2\repository\org\junit\platform\junit-platform-commons\1.9.2\junit-platform-commons-1.9.2.jar;C:\Users\misad\.m2\repository\org\apiguardian\apiguardian-api\1.1.2\apiguardian-api-1.1.2.jar;C:\Users\misad\.m2\repository\org\junit\jupiter\junit-jupiter-params\5.9.2\junit-jupiter-params-5.9.2.jar;C:\Users\misad\.m2\repository\org\junit\jupiter\junit-jupiter-engine\5.9.2\junit-jupiter-engine-5.9.2.jar;C:\Users\misad\.m2\repository\org\junit\platform\junit-platform-engine\1.9.2\junit-platform-engine-1.9.2.jar;C:\Users\misad\.m2\repository\com\thoughtworks\xstream\xstream\1.4.20\xstream-1.4.20.jar;C:\Users\misad\.m2\repository\io\github\x-stream\mxparser\1.2.2\mxparser-1.2.2.jar;C:\Users\misad\.m2\repository\xmlpull\xmlpull\1.1.3.1\xmlpull-1.1.3.1.jar;C:\Users\misad\.m2\repository\io\rest-assured\rest-assured\4.5.1\rest-assured-4.5.1.jar;C:\Users\misad\.m2\repository\org\codehaus\groovy\groovy\3.0.9\groovy-3.0.9.jar;C:\Users\misad\.m2\repository\org\codehaus\groovy\groovy-xml\3.0.9\groovy-xml-3.0.9.jar;C:\Users\misad\.m2\repository\org\apache\httpcomponents\httpclient\4.5.14\httpclient-4.5.14.jar;C:\Users\misad\.m2\repository\org\apache\httpcomponents\httpcore\4.4.16\httpcore-4.4.16.jar;C:\Users\misad\.m2\repository\commons-codec\commons-codec\1.15\commons-codec-1.15.jar;C:\Users\misad\.m2\repository\org\apache\httpcomponents\httpmime\4.5.14\httpmime-4.5.14.jar;C:\Users\misad\.m2\repository\org\hamcrest\hamcrest\2.1\hamcrest-2.1.jar;C:\Users\misad\.m2\repository\org\ccil\cowan\tagsoup\tagsoup\1.2.1\tagsoup-1.2.1.jar;C:\Users\misad\.m2\repository\io\rest-assured\json-path\4.5.1\json-path-4.5.1.jar;C:\Users\misad\.m2\repository\org\codehaus\groovy\groovy-json\3.0.9\groovy-json-3.0.9.jar;C:\Users\misad\.m2\repository\io\rest-assured\rest-assured-common\4.5.1\rest-assured-common-4.5.1.jar;C:\Users\misad\.m2\repository\io\rest-assured\xml-path\4.5.1\xml-path-4.5.1.jar;C:\Users\misad\.m2\repository\org\apache\commons\commons-lang3\3.12.0\commons-lang3-3.12.0.jar;C:\Users\misad\.m2\repository\org\projectlombok\lombok\1.18.26\lombok-1.18.26.jar;"/>
    <property name="sun.cpu.endian" value="little"/>
    <property name="user.home" value="C:\Users\misad"/>
    <property name="user.language" value="en"/>
    <property name="jboss.log-version" value="false"/>
    <property name="java.specification.vendor" value="Oracle Corporation"/>
    <property name="io.netty.allocator.maxOrder" value="3"/>
    <property name="java.version.date" value="2022-08-18"/>
    <property name="java.home" value="D:\Apps\Java"/>
    <property name="file.separator" value="\"/>
    <property name="basedir" value="C:\Users\misad\OneDrive\Plocha\TEST\rest-server-solution-master (4)\rest-server-solution-master"/>
    <property name="java.vm.compressedOopsMode" value="Zero based"/>
    <property name="line.separator" value="&#10;"/>
    <property name="java.vm.specification.vendor" value="Oracle Corporation"/>
    <property name="java.specification.name" value="Java Platform API Specification"/>
    <property name="surefire.real.class.path" value="C:\Users\misad\AppData\Local\Temp\surefire519431837690653861\surefirebooter-20230507190139655_3.jar"/>
    <property name="user.script" value=""/>
    <property name="sun.management.compiler" value="HotSpot 64-Bit Tiered Compilers"/>
    <property name="java.runtime.version" value="17.0.4.1+1-LTS-2"/>
    <property name="user.name" value="misad"/>
    <property name="dev.resteasy.exception.mapper" value="false"/>
    <property name="path.separator" value=";"/>
    <property name="os.version" value="10.0"/>
    <property name="java.runtime.name" value="Java(TM) SE Runtime Environment"/>
    <property name="file.encoding" value="Cp1252"/>
    <property name="java.vm.name" value="Java HotSpot(TM) 64-Bit Server VM"/>
    <property name="localRepository" value="C:\Users\misad\.m2\repository"/>
    <property name="java.vendor.url.bug" value="https://bugreport.java.com/bugreport/"/>
    <property name="java.io.tmpdir" value="C:\Users\misad\AppData\Local\Temp\"/>
    <property name="quarkus.log.file.path" value="target\quarkus.log"/>
    <property name="java.version" value="17.0.4.1"/>
    <property name="java.util.concurrent.ForkJoinPool.common.threadFactory" value="io.quarkus.bootstrap.forkjoin.QuarkusForkJoinWorkerThreadFactory"/>
    <property name="user.dir" value="C:\Users\misad\OneDrive\Plocha\TEST\rest-server-solution-master (4)\rest-server-solution-master"/>
    <property name="os.arch" value="amd64"/>
    <property name="hibernate.bytecode.provider" value="none"/>
    <property name="java.vm.specification.name" value="Java Virtual Machine Specification"/>
    <property name="vertx.disableDnsResolver" value="true"/>
    <property name="user.language.format" value="cs"/>
    <property name="sun.os.patch.level" value=""/>
    <property name="native.encoding" value="Cp1252"/>
    <property name="java.util.logging.manager" value="org.jboss.logmanager.LogManager"/>
    <property name="java.library.path" value="D:\Apps\Java\bin;C:\WINDOWS\Sun\Java\bin;C:\WINDOWS\system32;C:\WINDOWS;C:\Program Files\Common Files\Oracle\Java\javapath;C:\Program Files (x86)\Common Files\Oracle\Java\javapath;C:\WINDOWS\system32;C:\WINDOWS;C:\WINDOWS\System32\Wbem;C:\WINDOWS\System32\WindowsPowerShell\v1.0\;C:\WINDOWS\System32\OpenSSH\;C:\Program Files\NVIDIA Corporation\NVIDIA NvDLISR;C:\WINDOWS\system32;C:\WINDOWS;C:\WINDOWS\System32\Wbem;C:\WINDOWS\System32\WindowsPowerShell\v1.0\;C:\WINDOWS\System32\OpenSSH\;D;C:\Program Files (x86)\NVIDIA Corporation\PhysX\Common;D:\Apps\PuTTy\;C:\Program Files\dotnet\;C:\Program Files\Common Files\Oracle\Java\javapath;C:\Program Files (x86)\Common Files\Oracle\Java\javapath;C:\WINDOWS\system32;C:\WINDOWS;C:\WINDOWS\System32\Wbem;C:\WINDOWS\System32\WindowsPowerShell\v1.0\;C:\WINDOWS\System32\OpenSSH\;C:\Program Files\NVIDIA Corporation\NVIDIA NvDLISR;C:\WINDOWS\system32;C:\WINDOWS;C:\WINDOWS\System32\Wbem;C:\WINDOWS\System32\WindowsPowerShell\v1.0\;C:\WINDOWS\System32\OpenSSH\;D;C:\Program Files (x86)\NVIDIA Corporation\PhysX\Common;D:\Apps\PuTTy\;C:\Users\misad\AppData\Local\Microsoft\WindowsApps;C:\Program Files\Azure Data Studio\bin;E:\Apps\Microsoft VS Code\bin;C:\Program Files\JetBrains\DataGrip 2022.3.3\bin;D:\misad\Downloads\apache-maven-3.9.0\bin;C:\Users\{YourUsername}\AppData\Local\Programs\Python\Python{YourPythonVersion}\Scripts;D:\Apps\DataGrip 2023.1.1\bin;;E:\Apps\IntelliJ IDEA 2023.1.1\bin;;D:\Apps\Java;C:\Users\misad\.dotnet\tools;."/>
    <property name="java.vm.info" value="mixed mode, sharing"/>
    <property name="java.vendor" value="Oracle Corporation"/>
    <property name="vertx.disableTCCL" value="true"/>
    <property name="java.vm.version" value="17.0.4.1+1-LTS-2"/>
    <property name="sun.io.unicode.encoding" value="UnicodeLittle"/>
    <property name="io.netty.machineId" value="0b:d7:58:ac:68:2d:d2:7b"/>
    <property name="java.class.version" value="61.0"/>
  </properties>
  <testcase name="testHelloEndpoint" classname="java2.lab06.ReactiveGreetingResourceTest" time="0.408">
    <system-out><![CDATA[2023-05-07 19:01:46,572 INFO  [io.quarkus] (main) lab06 1.0.0-SNAPSHOT on JVM (powered by Quarkus 2.16.5.Final) started in 3.457s. Listening on: http://0.0.0.0:8081
2023-05-07 19:01:46,575 INFO  [io.quarkus] (main) Profile test activated. 
2023-05-07 19:01:46,575 INFO  [io.quarkus] (main) Installed features: [agroal, cdi, config-yaml, hibernate-orm, jdbc-h2, narayana-jta, resteasy, resteasy-jsonb, smallrye-context-propagation, vertx]
]]></system-out>
  </testcase>
</testsuite>